ISim log file
Running: /home/ali/Projects/Academic/logicdesignproject-healthcaresystem/prj/Register7Bit_isim_beh.exe -intstyle ise -gui -tclbatch isim.cmd -wdb /home/ali/Projects/Academic/logicdesignproject-healthcaresystem/prj/Register7Bit_isim_beh.wdb 
ISim P.20131013 (signature 0xfbc00daa)
This is a Full version of ISim.
Time resolution is 1 ps
# onerror resume
# wave add /
# run 1000 ns
Simulator is doing circuit initialization process.
Finished circuit initialization process.
# restart
# isim force add /Register7Bit/clk 1 -radix bin -value 0 -radix bin -time 5 ps -repeat 10 ps -cancel 1 ns
# isim force add /Register7Bit/clk 1 -radix bin -value 0 -radix bin -time 5 ps -repeat 10 ps -cancel 1 ns
# run 1.00us
Simulator is doing circuit initialization process.
Finished circuit initialization process.
# restart
# run 1.00us
Simulator is doing circuit initialization process.
Finished circuit initialization process.
# restart
# isim force add /Register7Bit/clk 1 -radix bin -value 0 -radix bin -time 5 ns -repeat 10 ns -cancel 1000 ns
# isim force add /Register7Bit/din 1100111 -radix bin -cancel 10 ns
# isim force add /Register7Bit/din 1001100 -radix bin -cancel 10 ns
# isim force add /Register7Bit/din 1001100 -radix bin -cancel 100 ns
# isim force add /Register7Bit/enbl 1 -radix bin -time 50 ns
# run 1.00us
Simulator is doing circuit initialization process.
Finished circuit initialization process.
# exit 0
